create thread 23b8 at 00007FFDEF6ADFF0, teb=000000FB1DEC0000
Load: base=00007FFDE97E0000, size=0000e000, ep=00007FFDE97E54D8 \Device\HarddiskVolume12\vc\x64\release\nhdll.dll
create thread 1390 at 00007FFDEF685760, teb=000000FB1DEC2000
Load: base=00007FFDDCF30000, size=0000c000, ep=00007FFDDCF31610 \Device\HarddiskVolume9\Windows\System32\secur32.dll
create thread 2380 at 00007FFDEF685760, teb=000000FB1DEC4000
NT::ThreadInfo::ThreadInfo<00000201C7C37240>(0000000000000354)
NT::ThreadInfo::ThreadInfo<00000201C7C35440>(000000000000035C)
NT::ThreadInfo::ThreadInfo<00000201C7C36340>(0000000000000360)
NT::ThreadInfo::ThreadInfo<00000201C7C37740>(0000000000000368)
NT::ThreadInfo::ThreadInfo<00000201C7C34A40>(0000000000000364)
NT::ThreadInfo::ThreadInfo<00000201C7C34540>(00000000000003D8)
NT::ThreadInfo::ThreadInfo<00000201C7C34040>(00000000000003E8)
NT::ThreadInfo::ThreadInfo<00000201C7C35E40>(00000000000003D4)
NT::ThreadInfo::ThreadInfo<00000201C7C35940>(0000000000000310)
NT::ThreadInfo::ThreadInfo<00000201C88A3450>(00000000000005B4)
NT::ThreadInfo::ThreadInfo<00000201C88A2A50>(0000000000000CF8)
NT::ThreadInfo::ThreadInfo<00000201C88A2F50>(0000000000001FB0)
NT::ThreadInfo::ThreadInfo<00000201C88A2550>(00000000000019F0)
NT::ThreadInfo::ThreadInfo<00000201C88A3950>(0000000000001390)
NT::ThreadInfo::ThreadInfo<00000201C88A3E50>(0000000000002380)
create thread 128 at 00007FFDE97E58FC, teb=000000FB1DEC6000
create thread a64 at 00007FFDE97E66B4, teb=000000FB1DEC8000
create thread da4 at 00007FFDE97E66B4, teb=000000FB1DECA000
create thread 112c at 00007FFDE97E66B4, teb=000000FB1DECC000
create thread 55c at 00007FFDE97E66B4, teb=000000FB1DECE000
create thread 1d54 at 00007FFDE97E66B4, teb=000000FB1DED0000
create thread 11f0 at 00007FFDE97E66B4, teb=000000FB1DED2000
create thread 660 at 00007FFDE97E66B4, teb=000000FB1DED4000
create thread 1fd8 at 00007FFDE97E66B4, teb=000000FB1DED6000
0x00007FFDEF6EF2D0 -> 0x00007FFDE97E64EC -> 0x00007FFD6F87FFB8 [0x00007FFD6F87FF98]
0x00007FFDEBF36AD0 -> 0x00007FFDE97E6218 -> 0x00007FFD6F87FF78 [0x00007FFD6F87FF58]
0x00007FFDEBF39A30 -> 0x00007FFDE97E59D4 -> 0x00007FFD6F87FF38 [0x00007FFD6F87FF18]
0x00007FFDEBF3E400 -> 0x00007FFDE97E641C -> 0x00007FFD6F87FEF8 [0x00007FFD6F87FED8]
0x00007FFDEBF3B7F0 -> 0x00007FFDE97E633C -> 0x00007FFD6F87FEB8 [0x00007FFD6F87FE98]
0x00007FFDEBF35640 -> 0x00007FFDE97E5A48 -> 0x00007FFD6F87FE78 [0x00007FFD6F87FE58]
0x00007FFDEBF31160 -> 0x00007FFDE97E5AE0 -> 0x00007FFD6F87FE38 [0x00007FFD6F87FE18]
0x00007FFDEBF320C0 -> 0x00007FFDE97E605C -> 0x00007FFD6F87FDF8 [0x00007FFD6F87FDD8]
0x00007FFDEBF3C040 -> 0x00007FFDE97E6134 -> 0x00007FFD6F87FDB8 [0x00007FFD6F87FD98]
0x00007FFDEBD2D260 -> 0x00007FFDE97E74FC -> 0x00007FFD6F87FD78 [0x00007FFD6F87FD58]
0x00007FFDEBD2D200 -> 0x00007FFDE97E7434 -> 0x00007FFD6F87FD38 [0x00007FFD6F87FD18]
0x00007FFDEBD21E90 -> 0x00007FFDE97E7244 -> 0x00007FFD6F87FCF8 [0x00007FFD6F87FCD8]
0x00007FFDEBD2B660 -> 0x00007FFDE97E6D54 -> 0x00007FFD6F87FCB8 [0x00007FFD6F87FC98]
0x00007FFDEBD2B7D0 -> 0x00007FFDE97E6E18 -> 0x00007FFD6F87FC78 [0x00007FFD6F87FC58]
0x00007FFDEBD2B1E0 -> 0x00007FFDE97E6EE0 -> 0x00007FFD6F87FC38 [0x00007FFD6F87FC18]
0x00007FFDEBD2B160 -> 0x00007FFDE97E700C -> 0x00007FFD6F87FBF8 [0x00007FFD6F87FBD8]
NT::ThreadInfo::~ThreadInfo<00000201C88A3E50>(0000000000002380)
NT::ThreadInfo::~ThreadInfo<00000201C88A3950>(0000000000001390)
NT::ThreadInfo::~ThreadInfo<00000201C88A2550>(00000000000019F0)
NT::ThreadInfo::~ThreadInfo<00000201C88A2F50>(0000000000001FB0)
NT::ThreadInfo::~ThreadInfo<00000201C88A2A50>(0000000000000CF8)
NT::ThreadInfo::~ThreadInfo<00000201C88A3450>(00000000000005B4)
NT::ThreadInfo::~ThreadInfo<00000201C7C35940>(0000000000000310)
NT::ThreadInfo::~ThreadInfo<00000201C7C35E40>(00000000000003D4)
NT::ThreadInfo::~ThreadInfo<00000201C7C34040>(00000000000003E8)
NT::ThreadInfo::~ThreadInfo<00000201C7C34540>(00000000000003D8)
NT::ThreadInfo::~ThreadInfo<00000201C7C34A40>(0000000000000364)
NT::ThreadInfo::~ThreadInfo<00000201C7C37740>(0000000000000368)
NT::ThreadInfo::~ThreadInfo<00000201C7C36340>(0000000000000360)
NT::ThreadInfo::~ThreadInfo<00000201C7C35440>(000000000000035C)
NT::ThreadInfo::~ThreadInfo<00000201C7C37240>(0000000000000354)
thread 23b8 exit with code 0x0(0)
thread 1390 exit with code 0x0(0)
thread 2380 exit with code 0x0(0)
create thread 15a8 at 00007FFDEF685760, teb=000000FB1DED8000
NT::ThreadInfo::ThreadInfo<00000201C7C37240>(0000000000000354)
NT::ThreadInfo::ThreadInfo<00000201C7C37740>(000000000000035C)
NT::ThreadInfo::ThreadInfo<00000201C7C36340>(0000000000000360)
NT::ThreadInfo::ThreadInfo<00000201C7C34040>(0000000000000368)
NT::ThreadInfo::ThreadInfo<00000201C7C34A40>(0000000000000364)
NT::ThreadInfo::ThreadInfo<00000201C7C35E40>(00000000000003D8)
NT::ThreadInfo::ThreadInfo<00000201C7C35440>(00000000000003E8)
NT::ThreadInfo::ThreadInfo<00000201C7C35940>(00000000000003D4)
NT::ThreadInfo::ThreadInfo<00000201C7C34540>(0000000000000310)
NT::ThreadInfo::ThreadInfo<00000201C8BF8E50>(00000000000005B4)
NT::ThreadInfo::ThreadInfo<00000201C8BF8450>(0000000000000CF8)
NT::ThreadInfo::ThreadInfo<00000201C8BF8950>(0000000000001FB0)
NT::ThreadInfo::ThreadInfo<00000201C8BF9350>(00000000000019F0)
NT::ThreadInfo::ThreadInfo<00000201C8BF7050>(0000000000000A64)
NT::ThreadInfo::ThreadInfo<00000201C8BF9D50>(0000000000000DA4)
NT::ThreadInfo::ThreadInfo<00000201C8BF9850>(000000000000112C)
NT::ThreadInfo::ThreadInfo<00000201C8BF7550>(000000000000055C)
NT::ThreadInfo::ThreadInfo<00000201C8BFA250>(0000000000001D54)
NT::ThreadInfo::ThreadInfo<00000201C8BFA750>(00000000000011F0)
NT::ThreadInfo::ThreadInfo<00000201C8BFB150>(0000000000000660)
NT::ThreadInfo::ThreadInfo<00000201C8BFAC50>(0000000000001FD8)
NT::ThreadInfo::ThreadInfo<00000201C8BF7A50>(00000000000015A8)
NT::ThreadInfo::~ThreadInfo<00000201C8BF7A50>(00000000000015A8)
NT::ThreadInfo::~ThreadInfo<00000201C8BFAC50>(0000000000001FD8)
NT::ThreadInfo::~ThreadInfo<00000201C8BFB150>(0000000000000660)
NT::ThreadInfo::~ThreadInfo<00000201C8BFA750>(00000000000011F0)
NT::ThreadInfo::~ThreadInfo<00000201C8BFA250>(0000000000001D54)
NT::ThreadInfo::~ThreadInfo<00000201C8BF7550>(000000000000055C)
NT::ThreadInfo::~ThreadInfo<00000201C8BF9850>(000000000000112C)
NT::ThreadInfo::~ThreadInfo<00000201C8BF9D50>(0000000000000DA4)
NT::ThreadInfo::~ThreadInfo<00000201C8BF7050>(0000000000000A64)
NT::ThreadInfo::~ThreadInfo<00000201C8BF9350>(00000000000019F0)
NT::ThreadInfo::~ThreadInfo<00000201C8BF8950>(0000000000001FB0)
NT::ThreadInfo::~ThreadInfo<00000201C8BF8450>(0000000000000CF8)
NT::ThreadInfo::~ThreadInfo<00000201C8BF8E50>(00000000000005B4)
NT::ThreadInfo::~ThreadInfo<00000201C7C34540>(0000000000000310)
NT::ThreadInfo::~ThreadInfo<00000201C7C35940>(00000000000003D4)
NT::ThreadInfo::~ThreadInfo<00000201C7C35440>(00000000000003E8)
NT::ThreadInfo::~ThreadInfo<00000201C7C35E40>(00000000000003D8)
NT::ThreadInfo::~ThreadInfo<00000201C7C34A40>(0000000000000364)
NT::ThreadInfo::~ThreadInfo<00000201C7C34040>(0000000000000368)
NT::ThreadInfo::~ThreadInfo<00000201C7C36340>(0000000000000360)
NT::ThreadInfo::~ThreadInfo<00000201C7C37740>(000000000000035C)
NT::ThreadInfo::~ThreadInfo<00000201C7C37240>(0000000000000354)
thread 1fd8 exit with code 0x80(128)
thread 128 exit with code 0x0(0)
NT::ThreadInfo::ThreadInfo<00000201C7C34A40>(0000000000000354)
NT::ThreadInfo::ThreadInfo<00000201C7C35440>(000000000000035C)
NT::ThreadInfo::ThreadInfo<00000201C7C37740>(0000000000000360)
NT::ThreadInfo::ThreadInfo<00000201C7C35940>(0000000000000368)
NT::ThreadInfo::ThreadInfo<00000201C7C34040>(0000000000000364)
NT::ThreadInfo::ThreadInfo<00000201C7C36340>(00000000000003D8)
NT::ThreadInfo::ThreadInfo<00000201C7C37240>(00000000000003E8)
NT::ThreadInfo::ThreadInfo<00000201C7C34540>(00000000000003D4)
NT::ThreadInfo::ThreadInfo<00000201C7C35E40>(0000000000000310)
NT::ThreadInfo::ThreadInfo<00000201C88A4350>(00000000000005B4)
NT::ThreadInfo::ThreadInfo<00000201C88A5250>(0000000000000CF8)
NT::ThreadInfo::ThreadInfo<00000201C88A2050>(0000000000001FB0)
NT::ThreadInfo::ThreadInfo<00000201C88A3950>(00000000000019F0)
NT::ThreadInfo::ThreadInfo<00000201C88A4850>(0000000000000DA4)
NT::ThreadInfo::ThreadInfo<00000201C88A5750>(000000000000112C)
NT::ThreadInfo::ThreadInfo<00000201C88A3E50>(000000000000055C)
NT::ThreadInfo::ThreadInfo<00000201C88A2A50>(0000000000001D54)
NT::ThreadInfo::ThreadInfo<00000201C88A2F50>(00000000000011F0)
NT::ThreadInfo::ThreadInfo<00000201C88A4D50>(0000000000000660)
NT::ThreadInfo::ThreadInfo<00000201C88A3450>(00000000000015A8)
NT::ThreadInfo::~ThreadInfo<00000201C88A3450>(00000000000015A8)
NT::ThreadInfo::~ThreadInfo<00000201C88A4D50>(0000000000000660)
NT::ThreadInfo::~ThreadInfo<00000201C88A2F50>(00000000000011F0)
NT::ThreadInfo::~ThreadInfo<00000201C88A2A50>(0000000000001D54)
NT::ThreadInfo::~ThreadInfo<00000201C88A3E50>(000000000000055C)
NT::ThreadInfo::~ThreadInfo<00000201C88A5750>(000000000000112C)
NT::ThreadInfo::~ThreadInfo<00000201C88A4850>(0000000000000DA4)
NT::ThreadInfo::~ThreadInfo<00000201C88A3950>(00000000000019F0)
NT::ThreadInfo::~ThreadInfo<00000201C88A2050>(0000000000001FB0)
NT::ThreadInfo::~ThreadInfo<00000201C88A5250>(0000000000000CF8)
NT::ThreadInfo::~ThreadInfo<00000201C88A4350>(00000000000005B4)
NT::ThreadInfo::~ThreadInfo<00000201C7C35E40>(0000000000000310)
NT::ThreadInfo::~ThreadInfo<00000201C7C34540>(00000000000003D4)
NT::ThreadInfo::~ThreadInfo<00000201C7C37240>(00000000000003E8)
NT::ThreadInfo::~ThreadInfo<00000201C7C36340>(00000000000003D8)
NT::ThreadInfo::~ThreadInfo<00000201C7C34040>(0000000000000364)
NT::ThreadInfo::~ThreadInfo<00000201C7C35940>(0000000000000368)
NT::ThreadInfo::~ThreadInfo<00000201C7C37740>(0000000000000360)
NT::ThreadInfo::~ThreadInfo<00000201C7C35440>(000000000000035C)
NT::ThreadInfo::~ThreadInfo<00000201C7C34A40>(0000000000000354)
Unload: base=00007FFDDCF30000 \Device\HarddiskVolume9\Windows\System32\secur32.dll
Unload: base=00007FFDE97E0000 \Device\HarddiskVolume12\vc\x64\release\nhdll.dll

----- Detach -----